#
# There is insufficient memory for the Java Runtime Environment to continue.
# Native memory allocation (mmap) failed to map 361758720 bytes for Failed to commit area from 0x0000000711800000 to 0x0000000727100000 of length 361758720.
# Possible reasons:
#   The system is out of physical RAM or swap space
#   The process is running with CompressedOops enabled, and the Java Heap may be blocking the growth of the native heap
# Possible solutions:
#   Reduce memory load on the system
#   Increase physical memory or swap space
#   Check if swap backing store is full
#   Decrease Java heap size (-Xmx/-Xms)
#   Decrease number of Java threads
#   Decrease Java thread stack sizes (-Xss)
#   Set larger code cache with -XX:ReservedCodeCacheSize=
#   JVM is running with Zero Based Compressed Oops mode in which the Java heap is
#     placed in the first 32GB address space. The Java Heap base address is the
#     maximum limit for the native heap growth. Please use -XX:HeapBaseMinAddress
#     to set the Java Heap base and to place the Java Heap above 32GB virtual address.
# This output file may be truncated or incomplete.
#
#  Out of Memory Error (./open/src/hotspot/os/windows/os_windows.cpp:3315), pid=8936, tid=22084
#
# JRE version: Java(TM) SE Runtime Environment (14.0.2+12) (build 14.0.2+12-46)
# Java VM: Java HotSpot(TM) 64-Bit Server VM (14.0.2+12-46, mixed mode, sharing, tiered, compressed oops, g1 gc, windows-amd64)
# No core dump will be written. Minidumps are not enabled by default on client versions of Windows
#

---------------  S U M M A R Y ------------

Command Line: -Dfile.encoding=Cp1252 examples.visualization.MainProgram

Host: Intel(R) Core(TM) i7-8550U CPU @ 1.80GHz, 8 cores, 15G,  Windows 10 , 64 bit Build 18362 (10.0.18362.329)
Time: Tue Nov 10 18:25:43 2020 Malay Peninsula Standard Time elapsed time: 14 seconds (0d 0h 0m 14s)

---------------  T H R E A D  ---------------

Current thread (0x000002657f3ad800):  VMThread "VM Thread" [stack: 0x000000e05bc00000,0x000000e05bd00000] [id=22084]

Stack: [0x000000e05bc00000,0x000000e05bd00000]
[error occurred during error reporting (printing stack bounds), id 0xc0000005, EXCEPTION_ACCESS_VIOLATION (0xc0000005) at pc=0x0000026563da10ad]

Native frames: (J=compiled Java code, j=interpreted, Vv=VM code, C=native code)
V  [jvm.dll+0x5f8a9a]
V  [jvm.dll+0x74247a]
V  [jvm.dll+0x743c2f]
V  [jvm.dll+0x7441d5]
V  [jvm.dll+0x74418b]
V  [jvm.dll+0x5f7f6f]
V  [jvm.dll+0x5f8738]
C  [ntdll.dll+0xa11ff]
C  [ntdll.dll+0x6a289]
C  [ntdll.dll+0x9fe6e]
C  0x0000026563da10ad

VM_Operation (0x000000e05b6fd9f0): G1CollectForAllocation, mode: safepoint, requested by thread 0x000002655b5fe000


---------------  P R O C E S S  ---------------

Threads class SMR info:
_java_thread_list=0x000002657fed2140, length=12, elements={
0x000002655b5fe000, 0x000002657f3b0800, 0x000002657f3b3800, 0x000002657f3bd800,
0x000002657fc4d000, 0x000002657fc4f000, 0x000002657fc55800, 0x000002657fc56800,
0x000002657fc8b000, 0x000002657fdbe000, 0x000002657fdcd000, 0x000002657fdc1000
}

Java Threads: ( => current thread )
  0x000002655b5fe000 JavaThread "main" [_thread_blocked, id=24632, stack(0x000000e05b600000,0x000000e05b700000)]
  0x000002657f3b0800 JavaThread "Reference Handler" daemon [_thread_blocked, id=10968, stack(0x000000e05bd00000,0x000000e05be00000)]
  0x000002657f3b3800 JavaThread "Finalizer" daemon [_thread_blocked, id=21964, stack(0x000000e05be00000,0x000000e05bf00000)]
  0x000002657f3bd800 JavaThread "Signal Dispatcher" daemon [_thread_blocked, id=17080, stack(0x000000e05bf00000,0x000000e05c000000)]
  0x000002657fc4d000 JavaThread "Attach Listener" daemon [_thread_blocked, id=24748, stack(0x000000e05c000000,0x000000e05c100000)]
  0x000002657fc4f000 JavaThread "Service Thread" daemon [_thread_blocked, id=19732, stack(0x000000e05c100000,0x000000e05c200000)]
  0x000002657fc55800 JavaThread "C2 CompilerThread0" daemon [_thread_blocked, id=6636, stack(0x000000e05c200000,0x000000e05c300000)]
  0x000002657fc56800 JavaThread "C1 CompilerThread0" daemon [_thread_blocked, id=10160, stack(0x000000e05c300000,0x000000e05c400000)]
  0x000002657fc8b000 JavaThread "Sweeper thread" daemon [_thread_blocked, id=10020, stack(0x000000e05c400000,0x000000e05c500000)]
  0x000002657fdbe000 JavaThread "Notification Thread" daemon [_thread_blocked, id=18728, stack(0x000000e05c500000,0x000000e05c600000)]
  0x000002657fdcd000 JavaThread "Common-Cleaner" daemon [_thread_blocked, id=1244, stack(0x000000e05c700000,0x000000e05c800000)]
  0x000002657fdc1000 JavaThread "C2 CompilerThread1" daemon [_thread_blocked, id=22940, stack(0x000000e05c800000,0x000000e05c900000)]

Other Threads:
=>0x000002657f3ad800 VMThread "VM Thread" [stack: 0x000000e05bc00000,0x000000e05bd00000] [id=22084]
  0x000002657fdc0000 WatcherThread [stack: 0x000000e05c600000,0x000000e05c700000] [id=18144]
  0x000002655b665000 GCTaskThread "GC Thread#0" [stack: 0x000000e05b700000,0x000000e05b800000] [id=15868]
  0x000002657fe74800 GCTaskThread "GC Thread#1" [stack: 0x000000e05c900000,0x000000e05ca00000] [id=23364]
  0x000002657fe77800 GCTaskThread "GC Thread#2" [stack: 0x000000e05ca00000,0x000000e05cb00000] [id=1072]
  0x000002657fe78000 GCTaskThread "GC Thread#3" [stack: 0x000000e05cb00000,0x000000e05cc00000] [id=8232]
  0x000002657fe78800 GCTaskThread "GC Thread#4" [stack: 0x000000e05cc00000,0x000000e05cd00000] [id=24292]
  0x000002657fe79800 GCTaskThread "GC Thread#5" [stack: 0x000000e05cd00000,0x000000e05ce00000] [id=21728]
  0x000002655b687800 ConcurrentGCThread "G1 Main Marker" [stack: 0x000000e05b800000,0x000000e05b900000] [id=22392]
  0x000002655b68a000 ConcurrentGCThread "G1 Conc#0" [stack: 0x000000e05b900000,0x000000e05ba00000] [id=12216]
  0x000002657f294800 ConcurrentGCThread "G1 Refine#0" [stack: 0x000000e05ba00000,0x000000e05bb00000] [id=11824]
  0x000002657fdc7000 ConcurrentGCThread "G1 Refine#1" [stack: 0x000000e05ce00000,0x000000e05cf00000] [id=25560]
  0x000002657fec4800 ConcurrentGCThread "G1 Refine#2" [stack: 0x000000e05cf00000,0x000000e05d000000] [id=26124]
  0x000002657fec6000 ConcurrentGCThread "G1 Refine#3" [stack: 0x000000e05d000000,0x000000e05d100000] [id=22936]
  0x000002657fec7800 ConcurrentGCThread "G1 Refine#4" [stack: 0x000000e05d100000,0x000000e05d200000] [id=9128]
  0x000002657fe7d000 ConcurrentGCThread "G1 Refine#5" [stack: 0x000000e05d200000,0x000000e05d300000] [id=3252]
  0x000002657fe7e000 ConcurrentGCThread "G1 Refine#6" [stack: 0x000000e05d300000,0x000000e05d400000] [id=21256]
  0x000002657fed0000 ConcurrentGCThread "G1 Refine#7" [stack: 0x000000e05d400000,0x000000e05d500000] [id=13776]
  0x000002657f296000 ConcurrentGCThread "G1 Young RemSet Sampling" [stack: 0x000000e05bb00000,0x000000e05bc00000] [id=16212]

Threads with active compile tasks:

VM state:at safepoint (normal execution)

VM Mutex/Monitor currently owned by a thread:  ([mutex/lock_event])
[0x000002655b5f99f0] Threads_lock - owner thread: 0x000002657f3ad800
[0x000002655b5f9450] Heap_lock - owner thread: 0x000002655b5fe000

Heap address: 0x0000000701800000, size: 4072 MB, Compressed Oops mode: Zero based, Oop shift amount: 3
Narrow klass base: 0x0000000800000000, Narrow klass shift: 3
Compressed class space size: 1073741824 Address: 0x0000000800b30000

Heap:
 garbage-first heap   total 615424K, used 109213K [0x0000000701800000, 0x0000000800000000)
  region size 1024K, 11 young (11264K), 11 survivors (11264K)
 Metaspace       used 845K, capacity 4652K, committed 4864K, reserved 1056768K
  class space    used 64K, capacity 417K, committed 512K, reserved 1048576K
Heap Regions: E=young(eden), S=young(survivor), O=old, HS=humongous(starts), HC=humongous(continues), CS=collection set, F=free, OA=open archive, CA=closed archive, TAMS=top-at-mark-start (previous, next)
|   0|0x0000000701800000, 0x0000000701900000, 0x0000000701900000|100%|HS|  |TAMS 0x0000000701800000, 0x0000000701800000| Complete 
|   1|0x0000000701900000, 0x0000000701a00000, 0x0000000701a00000|100%|HC|  |TAMS 0x0000000701900000, 0x0000000701900000| Complete 
|   2|0x0000000701a00000, 0x0000000701b00000, 0x0000000701b00000|100%|HC|  |TAMS 0x0000000701a00000, 0x0000000701a00000| Complete 
|   3|0x0000000701b00000, 0x0000000701c00000, 0x0000000701c00000|100%|HC|  |TAMS 0x0000000701b00000, 0x0000000701b00000| Complete 
|   4|0x0000000701c00000, 0x0000000701d00000, 0x0000000701d00000|100%|HC|  |TAMS 0x0000000701c00000, 0x0000000701c00000| Complete 
|   5|0x0000000701d00000, 0x0000000701e00000, 0x0000000701e00000|100%|HC|  |TAMS 0x0000000701d00000, 0x0000000701d00000| Complete 
|   6|0x0000000701e00000, 0x0000000701f00000, 0x0000000701f00000|100%| O|  |TAMS 0x0000000701e00000, 0x0000000701e00000| Untracked 
|   7|0x0000000701f00000, 0x0000000702000000, 0x0000000702000000|100%| O|  |TAMS 0x0000000701f00000, 0x0000000701f00000| Untracked 
|   8|0x0000000702000000, 0x0000000702100000, 0x0000000702100000|100%| O|  |TAMS 0x0000000702000000, 0x0000000702000000| Untracked 
|   9|0x0000000702100000, 0x0000000702200000, 0x0000000702200000|100%| O|  |TAMS 0x0000000702100000, 0x0000000702100000| Untracked 
|  10|0x0000000702200000, 0x0000000702300000, 0x0000000702300000|100%| O|  |TAMS 0x0000000702200000, 0x0000000702200000| Untracked 
|  11|0x0000000702300000, 0x0000000702400000, 0x0000000702400000|100%| O|  |TAMS 0x0000000702300000, 0x0000000702300000| Untracked 
|  12|0x0000000702400000, 0x0000000702500000, 0x0000000702500000|100%| O|  |TAMS 0x0000000702400000, 0x0000000702400000| Untracked 
|  13|0x0000000702500000, 0x0000000702600000, 0x0000000702600000|100%| O|  |TAMS 0x0000000702500000, 0x0000000702500000| Untracked 
|  14|0x0000000702600000, 0x0000000702700000, 0x0000000702700000|100%| O|  |TAMS 0x0000000702600000, 0x0000000702600000| Untracked 
|  15|0x0000000702700000, 0x0000000702800000, 0x0000000702800000|100%| O|  |TAMS 0x0000000702700000, 0x0000000702700000| Untracked 
|  16|0x0000000702800000, 0x0000000702900000, 0x0000000702900000|100%| O|  |TAMS 0x0000000702800000, 0x0000000702800000| Untracked 
|  17|0x0000000702900000, 0x0000000702a00000, 0x0000000702a00000|100%| O|  |TAMS 0x0000000702900000, 0x0000000702900000| Untracked 
|  18|0x0000000702a00000, 0x0000000702b00000, 0x0000000702b00000|100%| O|  |TAMS 0x0000000702a00000, 0x0000000702a00000| Untracked 
|  19|0x0000000702b00000, 0x0000000702c00000, 0x0000000702c00000|100%| O|  |TAMS 0x0000000702b00000, 0x0000000702b00000| Untracked 
|  20|0x0000000702c00000, 0x0000000702d00000, 0x0000000702d00000|100%| O|  |TAMS 0x0000000702c00000, 0x0000000702c00000| Untracked 
|  21|0x0000000702d00000, 0x0000000702e00000, 0x0000000702e00000|100%| O|  |TAMS 0x0000000702d00000, 0x0000000702d00000| Untracked 
|  22|0x0000000702e00000, 0x0000000702f00000, 0x0000000702f00000|100%| O|  |TAMS 0x0000000702e00000, 0x0000000702e00000| Untracked 
|  23|0x0000000702f00000, 0x0000000703000000, 0x0000000703000000|100%| O|  |TAMS 0x0000000702f00000, 0x0000000702f00000| Untracked 
|  24|0x0000000703000000, 0x0000000703100000, 0x0000000703100000|100%| O|  |TAMS 0x0000000703000000, 0x0000000703000000| Untracked 
|  25|0x0000000703100000, 0x0000000703200000, 0x0000000703200000|100%| O|  |TAMS 0x0000000703100000, 0x0000000703100000| Untracked 
|  26|0x0000000703200000, 0x0000000703300000, 0x0000000703300000|100%| O|  |TAMS 0x0000000703200000, 0x0000000703200000| Untracked 
|  27|0x0000000703300000, 0x0000000703400000, 0x0000000703400000|100%| O|  |TAMS 0x0000000703300000, 0x0000000703300000| Untracked 
|  28|0x0000000703400000, 0x0000000703500000, 0x0000000703500000|100%| O|  |TAMS 0x0000000703400000, 0x0000000703400000| Untracked 
|  29|0x0000000703500000, 0x0000000703600000, 0x0000000703600000|100%| O|  |TAMS 0x0000000703500000, 0x0000000703500000| Untracked 
|  30|0x0000000703600000, 0x0000000703700000, 0x0000000703700000|100%| O|  |TAMS 0x0000000703600000, 0x0000000703600000| Untracked 
|  31|0x0000000703700000, 0x0000000703800000, 0x0000000703800000|100%| O|  |TAMS 0x0000000703700000, 0x0000000703700000| Untracked 
|  32|0x0000000703800000, 0x0000000703900000, 0x0000000703900000|100%| O|  |TAMS 0x0000000703800000, 0x0000000703800000| Untracked 
|  33|0x0000000703900000, 0x0000000703a00000, 0x0000000703a00000|100%| O|  |TAMS 0x0000000703900000, 0x0000000703900000| Untracked 
|  34|0x0000000703a00000, 0x0000000703b00000, 0x0000000703b00000|100%| O|  |TAMS 0x0000000703a00000, 0x0000000703a00000| Untracked 
|  35|0x0000000703b00000, 0x0000000703c00000, 0x0000000703c00000|100%| O|  |TAMS 0x0000000703b00000, 0x0000000703b00000| Untracked 
|  36|0x0000000703c00000, 0x0000000703d00000, 0x0000000703d00000|100%| O|  |TAMS 0x0000000703c00000, 0x0000000703c00000| Untracked 
|  37|0x0000000703d00000, 0x0000000703e00000, 0x0000000703e00000|100%| O|  |TAMS 0x0000000703d00000, 0x0000000703d00000| Untracked 
|  38|0x0000000703e00000, 0x0000000703f00000, 0x0000000703f00000|100%| O|  |TAMS 0x0000000703e00000, 0x0000000703e00000| Untracked 
|  39|0x0000000703f00000, 0x0000000704000000, 0x0000000704000000|100%| O|  |TAMS 0x0000000703f00000, 0x0000000703f00000| Untracked 
|  40|0x0000000704000000, 0x0000000704100000, 0x0000000704100000|100%| O|  |TAMS 0x0000000704000000, 0x0000000704000000| Untracked 
|  41|0x0000000704100000, 0x0000000704200000, 0x0000000704200000|100%| O|  |TAMS 0x0000000704100000, 0x0000000704100000| Untracked 
|  42|0x0000000704200000, 0x0000000704300000, 0x0000000704300000|100%| O|  |TAMS 0x0000000704200000, 0x0000000704200000| Untracked 
|  43|0x0000000704300000, 0x0000000704400000, 0x0000000704400000|100%| O|  |TAMS 0x0000000704300000, 0x0000000704300000| Untracked 
|  44|0x0000000704400000, 0x0000000704500000, 0x0000000704500000|100%| O|  |TAMS 0x0000000704400000, 0x0000000704400000| Untracked 
|  45|0x0000000704500000, 0x0000000704600000, 0x0000000704600000|100%| O|  |TAMS 0x0000000704500000, 0x0000000704500000| Untracked 
|  46|0x0000000704600000, 0x0000000704700000, 0x0000000704700000|100%| O|  |TAMS 0x0000000704600000, 0x0000000704600000| Untracked 
|  47|0x0000000704700000, 0x0000000704800000, 0x0000000704800000|100%| O|  |TAMS 0x0000000704700000, 0x0000000704700000| Untracked 
|  48|0x0000000704800000, 0x0000000704900000, 0x0000000704900000|100%| O|  |TAMS 0x0000000704800000, 0x0000000704800000| Untracked 
|  49|0x0000000704900000, 0x0000000704a00000, 0x0000000704a00000|100%| O|  |TAMS 0x0000000704900000, 0x0000000704900000| Untracked 
|  50|0x0000000704a00000, 0x0000000704b00000, 0x0000000704b00000|100%| O|  |TAMS 0x0000000704a00000, 0x0000000704a00000| Untracked 
|  51|0x0000000704b00000, 0x0000000704c00000, 0x0000000704c00000|100%| O|  |TAMS 0x0000000704b00000, 0x0000000704b00000| Untracked 
|  52|0x0000000704c00000, 0x0000000704d00000, 0x0000000704d00000|100%| O|  |TAMS 0x0000000704c00000, 0x0000000704c00000| Untracked 
|  53|0x0000000704d00000, 0x0000000704e00000, 0x0000000704e00000|100%| O|  |TAMS 0x0000000704d00000, 0x0000000704d00000| Untracked 
|  54|0x0000000704e00000, 0x0000000704f00000, 0x0000000704f00000|100%| O|  |TAMS 0x0000000704e00000, 0x0000000704e00000| Untracked 
|  55|0x0000000704f00000, 0x0000000705000000, 0x0000000705000000|100%| O|  |TAMS 0x0000000704f00000, 0x0000000704f00000| Untracked 
|  56|0x0000000705000000, 0x0000000705100000, 0x0000000705100000|100%| O|  |TAMS 0x0000000705000000, 0x0000000705000000| Untracked 
|  57|0x0000000705100000, 0x0000000705200000, 0x0000000705200000|100%| O|  |TAMS 0x0000000705100000, 0x0000000705100000| Untracked 
|  58|0x0000000705200000, 0x0000000705300000, 0x0000000705300000|100%| O|  |TAMS 0x0000000705200000, 0x0000000705200000| Untracked 
|  59|0x0000000705300000, 0x0000000705400000, 0x0000000705400000|100%| O|  |TAMS 0x0000000705300000, 0x0000000705300000| Untracked 
|  60|0x0000000705400000, 0x0000000705500000, 0x0000000705500000|100%| O|  |TAMS 0x0000000705400000, 0x0000000705400000| Untracked 
|  61|0x0000000705500000, 0x0000000705600000, 0x0000000705600000|100%| O|  |TAMS 0x0000000705500000, 0x0000000705500000| Untracked 
|  62|0x0000000705600000, 0x0000000705700000, 0x0000000705700000|100%| O|  |TAMS 0x0000000705600000, 0x0000000705600000| Untracked 
|  63|0x0000000705700000, 0x0000000705800000, 0x0000000705800000|100%| O|  |TAMS 0x0000000705700000, 0x0000000705700000| Untracked 
|  64|0x0000000705800000, 0x0000000705900000, 0x0000000705900000|100%| O|  |TAMS 0x0000000705800000, 0x0000000705800000| Untracked 
|  65|0x0000000705900000, 0x0000000705a00000, 0x0000000705a00000|100%| O|  |TAMS 0x0000000705900000, 0x0000000705900000| Untracked 
|  66|0x0000000705a00000, 0x0000000705b00000, 0x0000000705b00000|100%| O|  |TAMS 0x0000000705a00000, 0x0000000705a00000| Untracked 
|  67|0x0000000705b00000, 0x0000000705c00000, 0x0000000705c00000|100%| O|  |TAMS 0x0000000705b00000, 0x0000000705b00000| Untracked 
|  68|0x0000000705c00000, 0x0000000705d00000, 0x0000000705d00000|100%| O|  |TAMS 0x0000000705c00000, 0x0000000705c00000| Untracked 
|  69|0x0000000705d00000, 0x0000000705e00000, 0x0000000705e00000|100%| O|  |TAMS 0x0000000705d00000, 0x0000000705d00000| Untracked 
|  70|0x0000000705e00000, 0x0000000705f00000, 0x0000000705f00000|100%| O|  |TAMS 0x0000000705e00000, 0x0000000705e00000| Untracked 
|  71|0x0000000705f00000, 0x0000000706000000, 0x0000000706000000|100%| O|  |TAMS 0x0000000705f00000, 0x0000000705f00000| Untracked 
|  72|0x0000000706000000, 0x0000000706100000, 0x0000000706100000|100%| O|  |TAMS 0x0000000706000000, 0x0000000706000000| Untracked 
|  73|0x0000000706100000, 0x0000000706200000, 0x0000000706200000|100%| O|  |TAMS 0x0000000706100000, 0x0000000706100000| Untracked 
|  74|0x0000000706200000, 0x0000000706300000, 0x0000000706300000|100%| O|  |TAMS 0x0000000706200000, 0x0000000706200000| Untracked 
|  75|0x0000000706300000, 0x0000000706400000, 0x0000000706400000|100%| O|  |TAMS 0x0000000706300000, 0x0000000706300000| Untracked 
|  76|0x0000000706400000, 0x0000000706500000, 0x0000000706500000|100%| O|  |TAMS 0x0000000706400000, 0x0000000706400000| Untracked 
|  77|0x0000000706500000, 0x0000000706600000, 0x0000000706600000|100%| O|  |TAMS 0x0000000706500000, 0x0000000706500000| Untracked 
|  78|0x0000000706600000, 0x0000000706700000, 0x0000000706700000|100%| O|  |TAMS 0x0000000706600000, 0x0000000706600000| Untracked 
|  79|0x0000000706700000, 0x0000000706800000, 0x0000000706800000|100%| O|  |TAMS 0x0000000706700000, 0x0000000706700000| Untracked 
|  80|0x0000000706800000, 0x0000000706900000, 0x0000000706900000|100%| O|  |TAMS 0x0000000706800000, 0x0000000706800000| Untracked 
|  81|0x0000000706900000, 0x0000000706a00000, 0x0000000706a00000|100%| O|  |TAMS 0x0000000706900000, 0x0000000706900000| Untracked 
|  82|0x0000000706a00000, 0x0000000706b00000, 0x0000000706b00000|100%| O|  |TAMS 0x0000000706a00000, 0x0000000706a00000| Untracked 
|  83|0x0000000706b00000, 0x0000000706c00000, 0x0000000706c00000|100%| O|  |TAMS 0x0000000706b00000, 0x0000000706b00000| Untracked 
|  84|0x0000000706c00000, 0x0000000706d00000, 0x0000000706d00000|100%| O|  |TAMS 0x0000000706c00000, 0x0000000706c00000| Untracked 
|  85|0x0000000706d00000, 0x0000000706e00000, 0x0000000706e00000|100%| O|  |TAMS 0x0000000706d00000, 0x0000000706d00000| Untracked 
|  86|0x0000000706e00000, 0x0000000706f00000, 0x0000000706f00000|100%| O|  |TAMS 0x0000000706e00000, 0x0000000706e00000| Untracked 
|  87|0x0000000706f00000, 0x0000000707000000, 0x0000000707000000|100%| O|  |TAMS 0x0000000706f00000, 0x0000000706f00000| Untracked 
|  88|0x0000000707000000, 0x0000000707100000, 0x0000000707100000|100%| O|  |TAMS 0x0000000707000000, 0x0000000707000000| Untracked 
|  89|0x0000000707100000, 0x0000000707200000, 0x0000000707200000|100%| O|  |TAMS 0x0000000707100000, 0x0000000707100000| Untracked 
|  90|0x0000000707200000, 0x0000000707300000, 0x0000000707300000|100%| O|  |TAMS 0x0000000707200000, 0x0000000707200000| Untracked 
|  91|0x0000000707300000, 0x0000000707400000, 0x0000000707400000|100%| O|  |TAMS 0x0000000707300000, 0x0000000707300000| Untracked 
|  92|0x0000000707400000, 0x0000000707500000, 0x0000000707500000|100%| O|  |TAMS 0x0000000707400000, 0x0000000707400000| Untracked 
|  93|0x0000000707500000, 0x0000000707600000, 0x0000000707600000|100%| O|  |TAMS 0x0000000707500000, 0x0000000707500000| Untracked 
|  94|0x0000000707600000, 0x0000000707700000, 0x0000000707700000|100%| O|  |TAMS 0x0000000707600000, 0x0000000707600000| Untracked 
|  95|0x0000000707700000, 0x00000007077b0c00, 0x0000000707800000| 69%| O|  |TAMS 0x0000000707700000, 0x0000000707700000| Untracked 
|  96|0x0000000707800000, 0x0000000707800000, 0x0000000707900000|  0%| F|  |TAMS 0x0000000707800000, 0x0000000707800000| Untracked 
|  97|0x0000000707900000, 0x0000000707900000, 0x0000000707a00000|  0%| F|  |TAMS 0x0000000707900000, 0x0000000707900000| Untracked 
|  98|0x0000000707a00000, 0x0000000707a00000, 0x0000000707b00000|  0%| F|  |TAMS 0x0000000707a00000, 0x0000000707a00000| Untracked 
|  99|0x0000000707b00000, 0x0000000707b00000, 0x0000000707c00000|  0%| F|  |TAMS 0x0000000707b00000, 0x0000000707b00000| Untracked 
| 100|0x0000000707c00000, 0x0000000707c00000, 0x0000000707d00000|  0%| F|  |TAMS 0x0000000707c00000, 0x0000000707c00000| Untracked 
| 101|0x0000000707d00000, 0x0000000707d00000, 0x0000000707e00000|  0%| F|  |TAMS 0x0000000707d00000, 0x0000000707d00000| Untracked 
| 102|0x0000000707e00000, 0x0000000707e00000, 0x0000000707f00000|  0%| F|  |TAMS 0x0000000707e00000, 0x0000000707e00000| Untracked 
| 103|0x0000000707f00000, 0x0000000707f00000, 0x0000000708000000|  0%| F|  |TAMS 0x0000000707f00000, 0x0000000707f00000| Untracked 
| 104|0x0000000708000000, 0x0000000708000000, 0x0000000708100000|  0%| F|  |TAMS 0x0000000708000000, 0x0000000708000000| Untracked 
| 105|0x0000000708100000, 0x0000000708100000, 0x0000000708200000|  0%| F|  |TAMS 0x0000000708100000, 0x0000000708100000| Untracked 
| 106|0x0000000708200000, 0x0000000708200000, 0x0000000708300000|  0%| F|  |TAMS 0x0000000708200000, 0x0000000708200000| Untracked 
| 107|0x0000000708300000, 0x0000000708300000, 0x0000000708400000|  0%| F|  |TAMS 0x0000000708300000, 0x0000000708300000| Untracked 
| 108|0x0000000708400000, 0x0000000708400000, 0x0000000708500000|  0%| F|  |TAMS 0x0000000708400000, 0x0000000708400000| Untracked 
| 109|0x0000000708500000, 0x0000000708500000, 0x0000000708600000|  0%| F|  |TAMS 0x0000000708500000, 0x0000000708500000| Untracked 
| 110|0x0000000708600000, 0x0000000708600000, 0x0000000708700000|  0%| F|  |TAMS 0x0000000708600000, 0x0000000708600000| Untracked 
| 111|0x0000000708700000, 0x0000000708700000, 0x0000000708800000|  0%| F|  |TAMS 0x0000000708700000, 0x0000000708700000| Untracked 
| 112|0x0000000708800000, 0x0000000708800000, 0x0000000708900000|  0%| F|  |TAMS 0x0000000708800000, 0x0000000708800000| Untracked 
| 113|0x0000000708900000, 0x0000000708900000, 0x0000000708a00000|  0%| F|  |TAMS 0x0000000708900000, 0x0000000708900000| Untracked 
| 114|0x0000000708a00000, 0x0000000708a00000, 0x0000000708b00000|  0%| F|  |TAMS 0x0000000708a00000, 0x0000000708a00000| Untracked 
| 115|0x0000000708b00000, 0x0000000708b00000, 0x0000000708c00000|  0%| F|  |TAMS 0x0000000708b00000, 0x0000000708b00000| Untracked 
| 116|0x0000000708c00000, 0x0000000708c00000, 0x0000000708d00000|  0%| F|  |TAMS 0x0000000708c00000, 0x0000000708c00000| Untracked 
| 117|0x0000000708d00000, 0x0000000708d00000, 0x0000000708e00000|  0%| F|  |TAMS 0x0000000708d00000, 0x0000000708d00000| Untracked 
| 118|0x0000000708e00000, 0x0000000708e00000, 0x0000000708f00000|  0%| F|  |TAMS 0x0000000708e00000, 0x0000000708e00000| Untracked 
| 119|0x0000000708f00000, 0x0000000708f00000, 0x0000000709000000|  0%| F|  |TAMS 0x0000000708f00000, 0x0000000708f00000| Untracked 
| 120|0x0000000709000000, 0x0000000709000000, 0x0000000709100000|  0%| F|  |TAMS 0x0000000709000000, 0x0000000709000000| Untracked 
| 121|0x0000000709100000, 0x0000000709100000, 0x0000000709200000|  0%| F|  |TAMS 0x0000000709100000, 0x0000000709100000| Untracked 
| 122|0x0000000709200000, 0x0000000709200000, 0x0000000709300000|  0%| F|  |TAMS 0x0000000709200000, 0x0000000709200000| Untracked 
| 123|0x0000000709300000, 0x0000000709300000, 0x0000000709400000|  0%| F|  |TAMS 0x0000000709300000, 0x0000000709300000| Untracked 
| 124|0x0000000709400000, 0x00000007094f69a8, 0x0000000709500000| 96%| S|CS|TAMS 0x0000000709400000, 0x0000000709400000| Complete 
| 125|0x0000000709500000, 0x0000000709600000, 0x0000000709600000|100%| S|CS|TAMS 0x0000000709500000, 0x0000000709500000| Complete 
| 126|0x0000000709600000, 0x0000000709700000, 0x0000000709700000|100%| S|CS|TAMS 0x0000000709600000, 0x0000000709600000| Complete 
| 127|0x0000000709700000, 0x0000000709700000, 0x0000000709800000|  0%| F|  |TAMS 0x0000000709700000, 0x0000000709700000| Untracked 
| 128|0x0000000709800000, 0x0000000709800000, 0x0000000709900000|  0%| F|  |TAMS 0x0000000709800000, 0x0000000709800000| Untracked 
| 129|0x0000000709900000, 0x0000000709900000, 0x0000000709a00000|  0%| F|  |TAMS 0x0000000709900000, 0x0000000709900000| Untracked 
| 130|0x0000000709a00000, 0x0000000709a00000, 0x0000000709b00000|  0%| F|  |TAMS 0x0000000709a00000, 0x0000000709a00000| Untracked 
| 131|0x0000000709b00000, 0x0000000709b00000, 0x0000000709c00000|  0%| F|  |TAMS 0x0000000709b00000, 0x0000000709b00000| Untracked 
| 132|0x0000000709c00000, 0x0000000709c00000, 0x0000000709d00000|  0%| F|  |TAMS 0x0000000709c00000, 0x0000000709c00000| Untracked 
| 133|0x0000000709d00000, 0x0000000709d00000, 0x0000000709e00000|  0%| F|  |TAMS 0x0000000709d00000, 0x0000000709d00000| Untracked 
| 134|0x0000000709e00000, 0x0000000709e00000, 0x0000000709f00000|  0%| F|  |TAMS 0x0000000709e00000, 0x0000000709e00000| Untracked 
| 135|0x0000000709f00000, 0x000000070a000000, 0x000000070a000000|100%| S|CS|TAMS 0x0000000709f00000, 0x0000000709f00000| Complete 
| 136|0x000000070a000000, 0x000000070a100000, 0x000000070a100000|100%| S|CS|TAMS 0x000000070a000000, 0x000000070a000000| Complete 
| 137|0x000000070a100000, 0x000000070a200000, 0x000000070a200000|100%| S|CS|TAMS 0x000000070a100000, 0x000000070a100000| Complete 
| 138|0x000000070a200000, 0x000000070a300000, 0x000000070a300000|100%| S|CS|TAMS 0x000000070a200000, 0x000000070a200000| Complete 
| 139|0x000000070a300000, 0x000000070a400000, 0x000000070a400000|100%| S|CS|TAMS 0x000000070a300000, 0x000000070a300000| Complete 
| 140|0x000000070a400000, 0x000000070a500000, 0x000000070a500000|100%| S|CS|TAMS 0x000000070a400000, 0x000000070a400000| Complete 
| 141|0x000000070a500000, 0x000000070a600000, 0x000000070a600000|100%| S|CS|TAMS 0x000000070a500000, 0x000000070a500000| Complete 
| 142|0x000000070a600000, 0x000000070a700000, 0x000000070a700000|100%| S|CS|TAMS 0x000000070a600000, 0x000000070a600000| Complete 
| 143|0x000000070a700000, 0x000000070a700000, 0x000000070a800000|  0%| F|  |TAMS 0x000000070a700000, 0x000000070a700000| Untracked 
| 144|0x000000070a800000, 0x000000070a800000, 0x000000070a900000|  0%| F|  |TAMS 0x000000070a800000, 0x000000070a800000| Untracked 
| 145|0x000000070a900000, 0x000000070a900000, 0x000000070aa00000|  0%| F|  |TAMS 0x000000070a900000, 0x000000070a900000| Untracked 
| 146|0x000000070aa00000, 0x000000070aa00000, 0x000000070ab00000|  0%| F|  |TAMS 0x000000070aa00000, 0x000000070aa00000| Untracked 
| 147|0x000000070ab00000, 0x000000070ab00000, 0x000000070ac00000|  0%| F|  |TAMS 0x000000070ab00000, 0x000000070ab00000| Untracked 
| 148|0x000000070ac00000, 0x000000070ac00000, 0x000000070ad00000|  0%| F|  |TAMS 0x000000070ac00000, 0x000000070ac00000| Untracked 
| 149|0x000000070ad00000, 0x000000070ad00000, 0x000000070ae00000|  0%| F|  |TAMS 0x000000070ad00000, 0x000000070ad00000| Untracked 
| 150|0x000000070ae00000, 0x000000070ae00000, 0x000000070af00000|  0%| F|  |TAMS 0x000000070ae00000, 0x000000070ae00000| Untracked 
| 151|0x000000070af00000, 0x000000070af00000, 0x000000070b000000|  0%| F|  |TAMS 0x000000070af00000, 0x000000070af00000| Untracked 
| 152|0x000000070b000000, 0x000000070b000000, 0x000000070b100000|  0%| F|  |TAMS 0x000000070b000000, 0x000000070b000000| Untracked 
| 153|0x000000070b100000, 0x000000070b100000, 0x000000070b200000|  0%| F|  |TAMS 0x000000070b100000, 0x000000070b100000| Untracked 
| 154|0x000000070b200000, 0x000000070b200000, 0x000000070b300000|  0%| F|  |TAMS 0x000000070b200000, 0x000000070b200000| Untracked 
| 155|0x000000070b300000, 0x000000070b300000, 0x000000070b400000|  0%| F|  |TAMS 0x000000070b300000, 0x000000070b300000| Untracked 
| 156|0x000000070b400000, 0x000000070b400000, 0x000000070b500000|  0%| F|  |TAMS 0x000000070b400000, 0x000000070b400000| Untracked 
| 157|0x000000070b500000, 0x000000070b500000, 0x000000070b600000|  0%| F|  |TAMS 0x000000070b500000, 0x000000070b500000| Untracked 
| 158|0x000000070b600000, 0x000000070b600000, 0x000000070b700000|  0%| F|  |TAMS 0x000000070b600000, 0x000000070b600000| Untracked 
| 159|0x000000070b700000, 0x000000070b700000, 0x000000070b800000|  0%| F|  |TAMS 0x000000070b700000, 0x000000070b700000| Untracked 
| 160|0x000000070b800000, 0x000000070b800000, 0x000000070b900000|  0%| F|  |TAMS 0x000000070b800000, 0x000000070b800000| Untracked 
| 161|0x000000070b900000, 0x000000070b900000, 0x000000070ba00000|  0%| F|  |TAMS 0x000000070b900000, 0x000000070b900000| Untracked 
| 162|0x000000070ba00000, 0x000000070ba00000, 0x000000070bb00000|  0%| F|  |TAMS 0x000000070ba00000, 0x000000070ba00000| Untracked 
| 163|0x000000070bb00000, 0x000000070bb00000, 0x000000070bc00000|  0%| F|  |TAMS 0x000000070bb00000, 0x000000070bb00000| Untracked 
| 164|0x000000070bc00000, 0x000000070bc00000, 0x000000070bd00000|  0%| F|  |TAMS 0x000000070bc00000, 0x000000070bc00000| Untracked 
| 165|0x000000070bd00000, 0x000000070bd00000, 0x000000070be00000|  0%| F|  |TAMS 0x000000070bd00000, 0x000000070bd00000| Untracked 
| 166|0x000000070be00000, 0x000000070be00000, 0x000000070bf00000|  0%| F|  |TAMS 0x000000070be00000, 0x000000070be00000| Untracked 
| 167|0x000000070bf00000, 0x000000070bf00000, 0x000000070c000000|  0%| F|  |TAMS 0x000000070bf00000, 0x000000070bf00000| Untracked 
| 168|0x000000070c000000, 0x000000070c000000, 0x000000070c100000|  0%| F|  |TAMS 0x000000070c000000, 0x000000070c000000| Untracked 
| 169|0x000000070c100000, 0x000000070c100000, 0x000000070c200000|  0%| F|  |TAMS 0x000000070c100000, 0x000000070c100000| Untracked 
| 170|0x000000070c200000, 0x000000070c200000, 0x000000070c300000|  0%| F|  |TAMS 0x000000070c200000, 0x000000070c200000| Untracked 
| 171|0x000000070c300000, 0x000000070c300000, 0x000000070c400000|  0%| F|  |TAMS 0x000000070c300000, 0x000000070c300000| Untracked 
| 172|0x000000070c400000, 0x000000070c400000, 0x000000070c500000|  0%| F|  |TAMS 0x000000070c400000, 0x000000070c400000| Untracked 
| 173|0x000000070c500000, 0x000000070c500000, 0x000000070c600000|  0%| F|  |TAMS 0x000000070c500000, 0x000000070c500000| Untracked 
| 174|0x000000070c600000, 0x000000070c600000, 0x000000070c700000|  0%| F|  |TAMS 0x000000070c600000, 0x000000070c600000| Untracked 
| 175|0x000000070c700000, 0x000000070c700000, 0x000000070c800000|  0%| F|  |TAMS 0x000000070c700000, 0x000000070c700000| Untracked 
| 176|0x000000070c800000, 0x000000070c800000, 0x000000070c900000|  0%| F|  |TAMS 0x000000070c800000, 0x000000070c800000| Untracked 
| 177|0x000000070c900000, 0x000000070c900000, 0x000000070ca00000|  0%| F|  |TAMS 0x000000070c900000, 0x000000070c900000| Untracked 
| 178|0x000000070ca00000, 0x000000070ca00000, 0x000000070cb00000|  0%| F|  |TAMS 0x000000070ca00000, 0x000000070ca00000| Untracked 
| 179|0x000000070cb00000, 0x000000070cb00000, 0x000000070cc00000|  0%| F|  |TAMS 0x000000070cb00000, 0x000000070cb00000| Untracked 
| 180|0x000000070cc00000, 0x000000070cc00000, 0x000000070cd00000|  0%| F|  |TAMS 0x000000070cc00000, 0x000000070cc00000| Untracked 
| 181|0x000000070cd00000, 0x000000070cd00000, 0x000000070ce00000|  0%| F|  |TAMS 0x000000070cd00000, 0x000000070cd00000| Untracked 
| 182|0x000000070ce00000, 0x000000070ce00000, 0x000000070cf00000|  0%| F|  |TAMS 0x000000070ce00000, 0x000000070ce00000| Untracked 
| 183|0x000000070cf00000, 0x000000070cf00000, 0x000000070d000000|  0%| F|  |TAMS 0x000000070cf00000, 0x000000070cf00000| Untracked 
| 184|0x000000070d000000, 0x000000070d000000, 0x000000070d100000|  0%| F|  |TAMS 0x000000070d000000, 0x000000070d000000| Untracked 
| 185|0x000000070d100000, 0x000000070d100000, 0x000000070d200000|  0%| F|  |TAMS 0x000000070d100000, 0x000000070d100000| Untracked 
| 186|0x000000070d200000, 0x000000070d200000, 0x000000070d300000|  0%| F|  |TAMS 0x000000070d200000, 0x000000070d200000| Untracked 
| 187|0x000000070d300000, 0x000000070d300000, 0x000000070d400000|  0%| F|  |TAMS 0x000000070d300000, 0x000000070d300000| Untracked 
| 188|0x000000070d400000, 0x000000070d400000, 0x000000070d500000|  0%| F|  |TAMS 0x000000070d400000, 0x000000070d400000| Untracked 
| 189|0x000000070d500000, 0x000000070d500000, 0x000000070d600000|  0%| F|  |TAMS 0x000000070d500000, 0x000000070d500000| Untracked 
| 190|0x000000070d600000, 0x000000070d600000, 0x000000070d700000|  0%| F|  |TAMS 0x000000070d600000, 0x000000070d600000| Untracked 
| 191|0x000000070d700000, 0x000000070d700000, 0x000000070d800000|  0%| F|  |TAMS 0x000000070d700000, 0x000000070d700000| Untracked 
| 192|0x000000070d800000, 0x000000070d800000, 0x000000070d900000|  0%| F|  |TAMS 0x000000070d800000, 0x000000070d800000| Untracked 
| 193|0x000000070d900000, 0x000000070d900000, 0x000000070da00000|  0%| F|  |TAMS 0x000000070d900000, 0x000000070d900000| Untracked 
| 194|0x000000070da00000, 0x000000070da00000, 0x000000070db00000|  0%| F|  |TAMS 0x000000070da00000, 0x000000070da00000| Untracked 
| 195|0x000000070db00000, 0x000000070db00000, 0x000000070dc00000|  0%| F|  |TAMS 0x000000070db00000, 0x000000070db00000| Untracked 
| 196|0x000000070dc00000, 0x000000070dc00000, 0x000000070dd00000|  0%| F|  |TAMS 0x000000070dc00000, 0x000000070dc00000| Untracked 
| 197|0x000000070dd00000, 0x000000070dd00000, 0x000000070de00000|  0%| F|  |TAMS 0x000000070dd00000, 0x000000070dd00000| Untracked 
| 198|0x000000070de00000, 0x000000070de00000, 0x000000070df00000|  0%| F|  |TAMS 0x000000070de00000, 0x000000070de00000| Untracked 
| 199|0x000000070df00000, 0x000000070df00000, 0x000000070e000000|  0%| F|  |TAMS 0x000000070df00000, 0x000000070df00000| Untracked 
| 200|0x000000070e000000, 0x000000070e000000, 0x000000070e100000|  0%| F|  |TAMS 0x000000070e000000, 0x000000070e000000| Untracked 
| 201|0x000000070e100000, 0x000000070e100000, 0x000000070e200000|  0%| F|  |TAMS 0x000000070e100000, 0x000000070e100000| Untracked 
| 202|0x000000070e200000, 0x000000070e200000, 0x000000070e300000|  0%| F|  |TAMS 0x000000070e200000, 0x000000070e200000| Untracked 
| 203|0x000000070e300000, 0x000000070e300000, 0x000000070e400000|  0%| F|  |TAMS 0x000000070e300000, 0x000000070e300000| Untracked 
| 204|0x000000070e400000, 0x000000070e400000, 0x000000070e500000|  0%| F|  |TAMS 0x000000070e400000, 0x000000070e400000| Untracked 
| 205|0x000000070e500000, 0x000000070e500000, 0x000000070e600000|  0%| F|  |TAMS 0x000000070e500000, 0x000000070e500000| Untracked 
| 206|0x000000070e600000, 0x000000070e600000, 0x000000070e700000|  0%| F|  |TAMS 0x000000070e600000, 0x000000070e600000| Untracked 
| 207|0x000000070e700000, 0x000000070e700000, 0x000000070e800000|  0%| F|  |TAMS 0x000000070e700000, 0x000000070e700000| Untracked 
| 208|0x000000070e800000, 0x000000070e800000, 0x000000070e900000|  0%| F|  |TAMS 0x000000070e800000, 0x000000070e800000| Untracked 
| 209|0x000000070e900000, 0x000000070e900000, 0x000000070ea00000|  0%| F|  |TAMS 0x000000070e900000, 0x000000070e900000| Untracked 
| 210|0x000000070ea00000, 0x000000070ea00000, 0x000000070eb00000|  0%| F|  |TAMS 0x000000070ea00000, 0x000000070ea00000| Untracked 
| 211|0x000000070eb00000, 0x000000070eb00000, 0x000000070ec00000|  0%| F|  |TAMS 0x000000070eb00000, 0x000000070eb00000| Untracked 
| 212|0x000000070ec00000, 0x000000070ec00000, 0x000000070ed00000|  0%| F|  |TAMS 0x000000070ec00000, 0x000000070ec00000| Untracked 
| 213|0x000000070ed00000, 0x000000070ed00000, 0x000000070ee00000|  0%| F|  |TAMS 0x000000070ed00000, 0x000000070ed00000| Untracked 
| 214|0x000000070ee00000, 0x000000070ee00000, 0x000000070ef00000|  0%| F|  |TAMS 0x000000070ee00000, 0x000000070ee00000| Untracked 
| 215|0x000000070ef00000, 0x000000070ef00000, 0x000000070f000000|  0%| F|  |TAMS 0x000000070ef00000, 0x000000070ef00000| Untracked 
| 216|0x000000070f000000, 0x000000070f000000, 0x000000070f100000|  0%| F|  |TAMS 0x000000070f000000, 0x000000070f000000| Untracked 
| 217|0x000000070f100000, 0x000000070f100000, 0x000000070f200000|  0%| F|  |TAMS 0x000000070f100000, 0x000000070f100000| Untracked 
| 218|0x000000070f200000, 0x000000070f200000, 0x000000070f300000|  0%| F|  |TAMS 0x000000070f200000, 0x000000070f200000| Untracked 
| 219|0x000000070f300000, 0x000000070f300000, 0x000000070f400000|  0%| F|  |TAMS 0x000000070f300000, 0x000000070f300000| Untracked 
| 220|0x000000070f400000, 0x000000070f400000, 0x000000070f500000|  0%| F|  |TAMS 0x000000070f400000, 0x000000070f400000| Untracked 
| 221|0x000000070f500000, 0x000000070f500000, 0x000000070f600000|  0%| F|  |TAMS 0x000000070f500000, 0x000000070f500000| Untracked 
| 222|0x000000070f600000, 0x000000070f600000, 0x000000070f700000|  0%| F|  |TAMS 0x000000070f600000, 0x000000070f600000| Untracked 
| 223|0x000000070f700000, 0x000000070f700000, 0x000000070f800000|  0%| F|  |TAMS 0x000000070f700000, 0x000000070f700000| Untracked 
| 224|0x000000070f800000, 0x000000070f800000, 0x000000070f900000|  0%| F|  |TAMS 0x000000070f800000, 0x000000070f800000| Untracked 
| 225|0x000000070f900000, 0x000000070f900000, 0x000000070fa00000|  0%| F|  |TAMS 0x000000070f900000, 0x000000070f900000| Untracked 
| 226|0x000000070fa00000, 0x000000070fa00000, 0x000000070fb00000|  0%| F|  |TAMS 0x000000070fa00000, 0x000000070fa00000| Untracked 
| 227|0x000000070fb00000, 0x000000070fb00000, 0x000000070fc00000|  0%| F|  |TAMS 0x000000070fb00000, 0x000000070fb00000| Untracked 
| 228|0x000000070fc00000, 0x000000070fc00000, 0x000000070fd00000|  0%| F|  |TAMS 0x000000070fc00000, 0x000000070fc00000| Untracked 
| 229|0x000000070fd00000, 0x000000070fd00000, 0x000000070fe00000|  0%| F|  |TAMS 0x000000070fd00000, 0x000000070fd00000| Untracked 
| 230|0x000000070fe00000, 0x000000070fe00000, 0x000000070ff00000|  0%| F|  |TAMS 0x000000070fe00000, 0x000000070fe00000| Untracked 
| 231|0x000000070ff00000, 0x000000070ff00000, 0x0000000710000000|  0%| F|  |TAMS 0x000000070ff00000, 0x000000070ff00000| Untracked 
| 232|0x0000000710000000, 0x0000000710000000, 0x0000000710100000|  0%| F|  |TAMS 0x0000000710000000, 0x0000000710000000| Untracked 
| 233|0x0000000710100000, 0x0000000710100000, 0x0000000710200000|  0%| F|  |TAMS 0x0000000710100000, 0x0000000710100000| Untracked 
| 234|0x0000000710200000, 0x0000000710200000, 0x0000000710300000|  0%| F|  |TAMS 0x0000000710200000, 0x0000000710200000| Untracked 
| 235|0x0000000710300000, 0x0000000710300000, 0x0000000710400000|  0%| F|  |TAMS 0x0000000710300000, 0x0000000710300000| Untracked 
| 236|0x0000000710400000, 0x0000000710400000, 0x0000000710500000|  0%| F|  |TAMS 0x0000000710400000, 0x0000000710400000| Untracked 
| 237|0x0000000710500000, 0x0000000710500000, 0x0000000710600000|  0%| F|  |TAMS 0x0000000710500000, 0x0000000710500000| Untracked 
| 238|0x0000000710600000, 0x0000000710600000, 0x0000000710700000|  0%| F|  |TAMS 0x0000000710600000, 0x0000000710600000| Untracked 
| 239|0x0000000710700000, 0x0000000710700000, 0x0000000710800000|  0%| F|  |TAMS 0x0000000710700000, 0x0000000710700000| Untracked 
| 240|0x0000000710800000, 0x0000000710800000, 0x0000000710900000|  0%| F|  |TAMS 0x0000000710800000, 0x0000000710800000| Untracked 
| 241|0x0000000710900000, 0x0000000710900000, 0x0000000710a00000|  0%| F|  |TAMS 0x0000000710900000, 0x0000000710900000| Untracked 
| 242|0x0000000710a00000, 0x0000000710a00000, 0x0000000710b00000|  0%| F|  |TAMS 0x0000000710a00000, 0x0000000710a00000| Untracked 
| 243|0x0000000710b00000, 0x0000000710b00000, 0x0000000710c00000|  0%| F|  |TAMS 0x0000000710b00000, 0x0000000710b00000| Untracked 
| 244|0x0000000710c00000, 0x0000000710c00000, 0x0000000710d00000|  0%| F|  |TAMS 0x0000000710c00000, 0x0000000710c00000| Untracked 
| 245|0x0000000710d00000, 0x0000000710d00000, 0x0000000710e00000|  0%| F|  |TAMS 0x0000000710d00000, 0x0000000710d00000| Untracked 
| 246|0x0000000710e00000, 0x0000000710e00000, 0x0000000710f00000|  0%| F|  |TAMS 0x0000000710e00000, 0x0000000710e00000| Untracked 
| 247|0x0000000710f00000, 0x0000000710f00000, 0x0000000711000000|  0%| F|  |TAMS 0x0000000710f00000, 0x0000000710f00000| Untracked 
| 248|0x0000000711000000, 0x0000000711000000, 0x0000000711100000|  0%| F|  |TAMS 0x0000000711000000, 0x0000000711000000| Untracked 
| 249|0x0000000711100000, 0x0000000711100000, 0x0000000711200000|  0%| F|  |TAMS 0x0000000711100000, 0x0000000711100000| Untracked 
| 250|0x0000000711200000, 0x0000000711200000, 0x0000000711300000|  0%| F|  |TAMS 0x0000000711200000, 0x0000000711200000| Untracked 
| 251|0x0000000711300000, 0x0000000711300000, 0x0000000711400000|  0%| F|  |TAMS 0x0000000711300000, 0x0000000711300000| Untracked 
| 252|0x0000000711400000, 0x0000000711400000, 0x0000000711500000|  0%| F|  |TAMS 0x0000000711400000, 0x0000000711400000| Untracked 
| 253|0x0000000711500000, 0x0000000711500000, 0x0000000711600000|  0%| F|  |TAMS 0x0000000711500000, 0x0000000711500000| Untracked 
| 254|0x0000000711600000, 0x0000000711600000, 0x0000000711700000|  0%| F|  |TAMS 0x0000000711600000, 0x0000000711600000| Untracked 
| 255|0x0000000711700000, 0x0000000711700000, 0x0000000711800000|  0%| F|  |TAMS 0x0000000711700000, 0x0000000711700000| Untracked 

Card table byte_map: [0x00000265738d0000,0x00000265740d0000] _byte_map_base: 0x00000265700c4000

Marking Bits (Prev, Next): (CMBitMap*) 0x000002655b665fe8, (CMBitMap*) 0x000002655b666028
 Prev Bits: [0x00000265748d0000, 0x0000026578870000)
 Next Bits: [0x0000026578870000, 0x000002657c810000)

Polling page: 0x000002655add0000

Metaspace:

Usage:
  Non-class:      4.14 MB capacity,   781.41 KB ( 18%) used,     3.37 MB ( 81%) free+waste,     3.50 KB ( <1%) overhead. 
      Class:    417.00 KB capacity,    64.43 KB ( 15%) used,   350.63 KB ( 84%) free+waste,     1.94 KB ( <1%) overhead. 
       Both:      4.54 MB capacity,   845.84 KB ( 18%) used,     3.71 MB ( 82%) free+waste,     5.44 KB ( <1%) overhead. 

Virtual space:
  Non-class space:        8.00 MB reserved,       4.25 MB ( 53%) committed 
      Class space:        1.00 GB reserved,     512.00 KB ( <1%) committed 
             Both:        1.01 GB reserved,       4.75 MB ( <1%) committed 

Chunk freelists:
   Non-Class:  53.00 KB
       Class:  0 bytes
        Both:  53.00 KB

MaxMetaspaceSize: 17179869184.00 GB
CompressedClassSpaceSize: 1.00 GB

CodeHeap 'non-profiled nmethods': size=120000Kb used=420Kb max_used=420Kb free=119579Kb
 bounds [0x000002656b870000, 0x000002656bae0000, 0x0000026572da0000]
CodeHeap 'profiled nmethods': size=120000Kb used=926Kb max_used=926Kb free=119073Kb
 bounds [0x0000026564340000, 0x00000265645b0000, 0x000002656b870000]
CodeHeap 'non-nmethods': size=5760Kb used=1103Kb max_used=1134Kb free=4656Kb
 bounds [0x0000026563da0000, 0x0000026564010000, 0x0000026564340000]
 total_blobs=843 nmethods=504 adapters=252
 compilation: enabled
              stopped_count=0, restarted_count=0
 full_count=0

Compilation events (20 events):
Event: 14.081 Thread 0x000002657fc56800  500       3       java.util.Scanner::makeSpace (133 bytes)
Event: 14.082 Thread 0x000002657fc56800 nmethod 500 0x000002656441f090 code [0x000002656441f320, 0x0000026564420018]
Event: 14.082 Thread 0x000002657fc56800  501       3       java.io.InputStreamReader::ready (8 bytes)
Event: 14.082 Thread 0x000002657fc56800 nmethod 501 0x0000026564420490 code [0x0000026564420640, 0x00000265644207a8]
Event: 14.082 Thread 0x000002657fc56800  502   !   3       sun.nio.cs.StreamDecoder::ready (38 bytes)
Event: 14.082 Thread 0x000002657fc56800 nmethod 502 0x0000026564420890 code [0x0000026564420a80, 0x0000026564421198]
Event: 14.087 Thread 0x000002657fc56800  503       3       java.util.regex.Pattern$Dollar::match (209 bytes)
Event: 14.087 Thread 0x000002657fc56800 nmethod 503 0x0000026564421490 code [0x00000265644216e0, 0x00000265644223b8]
Event: 14.095 Thread 0x000002657fc56800  504       3       java.io.BufferedReader::fill (170 bytes)
Event: 14.095 Thread 0x000002657fc56800 nmethod 504 0x0000026564422610 code [0x0000026564422800, 0x0000026564422ee8]
Event: 14.145 Thread 0x000002657fc56800  506       3       sun.nio.cs.StreamDecoder::implRead (243 bytes)
Event: 14.146 Thread 0x000002657fc56800 nmethod 506 0x0000026564423090 code [0x0000026564423360, 0x0000026564424508]
Event: 14.146 Thread 0x000002657fc56800  507   !   3       sun.nio.cs.StreamDecoder::readBytes (289 bytes)
Event: 14.146 Thread 0x000002657fc56800 nmethod 507 0x0000026564424b10 code [0x0000026564424e00, 0x0000026564425d08]
Event: 14.146 Thread 0x000002657fc56800  508       3       java.nio.HeapByteBuffer::compact (55 bytes)
Event: 14.147 Thread 0x000002657fc56800 nmethod 508 0x0000026564426510 code [0x0000026564426700, 0x0000026564426ce8]
Event: 14.147 Thread 0x000002657fc56800  505   !   3       sun.nio.cs.StreamDecoder::inReady (36 bytes)
Event: 14.147 Thread 0x000002657fc56800 nmethod 505 0x0000026564426e90 code [0x0000026564427040, 0x0000026564427488]
Event: 14.226 Thread 0x000002657fc56800  509       3       java.nio.ByteBuffer::position (8 bytes)
Event: 14.226 Thread 0x000002657fc56800 nmethod 509 0x0000026564427590 code [0x0000026564427740, 0x00000265644278a8]

GC Heap History (20 events):
Event: 13.831 GC heap after
{Heap after GC invocations=5 (full 0):
 garbage-first heap   total 262144K, used 83456K [0x0000000701800000, 0x0000000800000000)
  region size 1024K, 5 young (5120K), 5 survivors (5120K)
 Metaspace       used 806K, capacity 4652K, committed 4864K, reserved 1056768K
  class space    used 63K, capacity 417K, committed 512K, reserved 1048576K
}
Event: 13.874 GC heap before
{Heap before GC invocations=5 (full 0):
 garbage-first heap   total 262144K, used 135680K [0x0000000701800000, 0x0000000800000000)
  region size 1024K, 56 young (57344K), 5 survivors (5120K)
 Metaspace       used 820K, capacity 4652K, committed 4864K, reserved 1056768K
  class space    used 64K, capacity 417K, committed 512K, reserved 1048576K
}
Event: 13.879 GC heap after
{Heap after GC invocations=6 (full 0):
 garbage-first heap   total 262144K, used 86601K [0x0000000701800000, 0x0000000800000000)
  region size 1024K, 2 young (2048K), 2 survivors (2048K)
 Metaspace       used 820K, capacity 4652K, committed 4864K, reserved 1056768K
  class space    used 64K, capacity 417K, committed 512K, reserved 1048576K
}
Event: 13.965 GC heap before
{Heap before GC invocations=6 (full 0):
 garbage-first heap   total 262144K, used 178761K [0x0000000701800000, 0x0000000800000000)
  region size 1024K, 92 young (94208K), 2 survivors (2048K)
 Metaspace       used 822K, capacity 4652K, committed 4864K, reserved 1056768K
  class space    used 64K, capacity 417K, committed 512K, reserved 1048576K
}
Event: 13.969 GC heap after
{Heap after GC invocations=7 (full 0):
 garbage-first heap   total 262144K, used 88147K [0x0000000701800000, 0x0000000800000000)
  region size 1024K, 4 young (4096K), 4 survivors (4096K)
 Metaspace       used 822K, capacity 4652K, committed 4864K, reserved 1056768K
  class space    used 64K, capacity 417K, committed 512K, reserved 1048576K
}
Event: 14.025 GC heap before
{Heap before GC invocations=7 (full 0):
 garbage-first heap   total 262144K, used 188499K [0x0000000701800000, 0x0000000800000000)
  region size 1024K, 102 young (104448K), 4 survivors (4096K)
 Metaspace       used 832K, capacity 4652K, committed 4864K, reserved 1056768K
  class space    used 64K, capacity 417K, committed 512K, reserved 1048576K
}
Event: 14.030 GC heap after
{Heap after GC invocations=8 (full 0):
 garbage-first heap   total 262144K, used 90245K [0x0000000701800000, 0x0000000800000000)
  region size 1024K, 6 young (6144K), 6 survivors (6144K)
 Metaspace       used 832K, capacity 4652K, committed 4864K, reserved 1056768K
  class space    used 64K, capacity 417K, committed 512K, reserved 1048576K
}
Event: 14.069 GC heap before
{Heap before GC invocations=8 (full 0):
 garbage-first heap   total 262144K, used 197765K [0x0000000701800000, 0x0000000800000000)
  region size 1024K, 111 young (113664K), 6 survivors (6144K)
 Metaspace       used 832K, capacity 4652K, committed 4864K, reserved 1056768K
  class space    used 64K, capacity 417K, committed 512K, reserved 1048576K
}
Event: 14.075 GC heap after
{Heap after GC invocations=9 (full 0):
 garbage-first heap   total 262144K, used 92705K [0x0000000701800000, 0x0000000800000000)
  region size 1024K, 8 young (8192K), 8 survivors (8192K)
 Metaspace       used 832K, capacity 4652K, committed 4864K, reserved 1056768K
  class space    used 64K, capacity 417K, committed 512K, reserved 1048576K
}
Event: 14.109 GC heap before
{Heap before GC invocations=9 (full 0):
 garbage-first heap   total 262144K, used 205345K [0x0000000701800000, 0x0000000800000000)
  region size 1024K, 118 young (120832K), 8 survivors (8192K)
 Metaspace       used 841K, capacity 4652K, committed 4864K, reserved 1056768K
  class space    used 64K, capacity 417K, committed 512K, reserved 1048576K
}
Event: 14.118 GC heap after
{Heap after GC invocations=10 (full 0):
 garbage-first heap   total 262144K, used 95402K [0x0000000701800000, 0x0000000800000000)
  region size 1024K, 11 young (11264K), 11 survivors (11264K)
 Metaspace       used 841K, capacity 4652K, committed 4864K, reserved 1056768K
  class space    used 64K, capacity 417K, committed 512K, reserved 1048576K
}
Event: 14.152 GC heap before
{Heap before GC invocations=10 (full 0):
 garbage-first heap   total 262144K, used 210090K [0x0000000701800000, 0x0000000800000000)
  region size 1024K, 123 young (125952K), 11 survivors (11264K)
 Metaspace       used 845K, capacity 4652K, committed 4864K, reserved 1056768K
  class space    used 64K, capacity 417K, committed 512K, reserved 1048576K
}
Event: 14.161 GC heap after
{Heap after GC invocations=11 (full 0):
 garbage-first heap   total 262144K, used 97763K [0x0000000701800000, 0x0000000800000000)
  region size 1024K, 10 young (10240K), 10 survivors (10240K)
 Metaspace       used 845K, capacity 4652K, committed 4864K, reserved 1056768K
  class space    used 64K, capacity 417K, committed 512K, reserved 1048576K
}
Event: 14.196 GC heap before
{Heap before GC invocations=11 (full 0):
 garbage-first heap   total 262144K, used 214499K [0x0000000701800000, 0x0000000800000000)
  region size 1024K, 124 young (126976K), 10 survivors (10240K)
 Metaspace       used 845K, capacity 4652K, committed 4864K, reserved 1056768K
  class space    used 64K, capacity 417K, committed 512K, reserved 1048576K
}
Event: 14.205 GC heap after
{Heap after GC invocations=12 (full 0):
 garbage-first heap   total 262144K, used 100802K [0x0000000701800000, 0x0000000800000000)
  region size 1024K, 11 young (11264K), 11 survivors (11264K)
 Metaspace       used 845K, capacity 4652K, committed 4864K, reserved 1056768K
  class space    used 64K, capacity 417K, committed 512K, reserved 1048576K
}
Event: 14.240 GC heap before
{Heap before GC invocations=12 (full 0):
 garbage-first heap   total 262144K, used 216514K [0x0000000701800000, 0x0000000800000000)
  region size 1024K, 124 young (126976K), 11 survivors (11264K)
 Metaspace       used 845K, capacity 4652K, committed 4864K, reserved 1056768K
  class space    used 64K, capacity 417K, committed 512K, reserved 1048576K
}
Event: 14.249 GC heap after
{Heap after GC invocations=13 (full 0):
 garbage-first heap   total 262144K, used 103588K [0x0000000701800000, 0x0000000800000000)
  region size 1024K, 11 young (11264K), 11 survivors (11264K)
 Metaspace       used 845K, capacity 4652K, committed 4864K, reserved 1056768K
  class space    used 64K, capacity 417K, committed 512K, reserved 1048576K
}
Event: 14.285 GC heap before
{Heap before GC invocations=13 (full 0):
 garbage-first heap   total 262144K, used 220324K [0x0000000701800000, 0x0000000800000000)
  region size 1024K, 125 young (128000K), 11 survivors (11264K)
 Metaspace       used 845K, capacity 4652K, committed 4864K, reserved 1056768K
  class space    used 64K, capacity 417K, committed 512K, reserved 1048576K
}
Event: 14.294 GC heap after
{Heap after GC invocations=14 (full 0):
 garbage-first heap   total 262144K, used 106191K [0x0000000701800000, 0x0000000800000000)
  region size 1024K, 11 young (11264K), 11 survivors (11264K)
 Metaspace       used 845K, capacity 4652K, committed 4864K, reserved 1056768K
  class space    used 64K, capacity 417K, committed 512K, reserved 1048576K
}
Event: 14.329 GC heap before
{Heap before GC invocations=14 (full 0):
 garbage-first heap   total 262144K, used 221903K [0x0000000701800000, 0x0000000800000000)
  region size 1024K, 124 young (126976K), 11 survivors (11264K)
 Metaspace       used 845K, capacity 4652K, committed 4864K, reserved 1056768K
  class space    used 64K, capacity 417K, committed 512K, reserved 1048576K
}

Deoptimization events (20 events):
Event: 13.947 Thread 0x000002655b5fe000 DEOPT PACKING pc=0x00000265643fedf5 sp=0x000000e05b6fed50
Event: 13.947 Thread 0x000002655b5fe000 DEOPT UNPACKING pc=0x0000026563de964e sp=0x000000e05b6fe400 mode 0
Event: 13.948 Thread 0x000002655b5fe000 Uncommon trap: trap_request=0xffffffcc fr.pc=0x000002656b8b2c28 relative=0x0000000000001ee8
Event: 13.948 Thread 0x000002655b5fe000 Uncommon trap: reason=intrinsic_or_type_checked_inlining action=make_not_entrant pc=0x000002656b8b2c28 method=java.util.ArrayList$SubList.toArray([Ljava/lang/Object;)[Ljava/lang/Object; @ 58 c2
Event: 13.948 Thread 0x000002655b5fe000 DEOPT PACKING pc=0x000002656b8b2c28 sp=0x000000e05b6fee40
Event: 13.949 Thread 0x000002655b5fe000 DEOPT UNPACKING pc=0x0000026563de912f sp=0x000000e05b6fece8 mode 2
Event: 13.974 Thread 0x000002655b5fe000 DEOPT PACKING pc=0x00000265643fedf5 sp=0x000000e05b6fed50
Event: 13.974 Thread 0x000002655b5fe000 DEOPT UNPACKING pc=0x0000026563de964e sp=0x000000e05b6fe400 mode 0
Event: 13.986 Thread 0x000002655b5fe000 DEOPT PACKING pc=0x00000265643fedf5 sp=0x000000e05b6fed50
Event: 13.986 Thread 0x000002655b5fe000 DEOPT UNPACKING pc=0x0000026563de964e sp=0x000000e05b6fe400 mode 0
Event: 14.000 Thread 0x000002655b5fe000 DEOPT PACKING pc=0x00000265643fedf5 sp=0x000000e05b6fed50
Event: 14.000 Thread 0x000002655b5fe000 DEOPT UNPACKING pc=0x0000026563de964e sp=0x000000e05b6fe400 mode 0
Event: 14.011 Thread 0x000002655b5fe000 DEOPT PACKING pc=0x00000265643fedf5 sp=0x000000e05b6fed50
Event: 14.011 Thread 0x000002655b5fe000 DEOPT UNPACKING pc=0x0000026563de964e sp=0x000000e05b6fe400 mode 0
Event: 14.018 Thread 0x000002655b5fe000 DEOPT PACKING pc=0x00000265643fedf5 sp=0x000000e05b6fed50
Event: 14.018 Thread 0x000002655b5fe000 DEOPT UNPACKING pc=0x0000026563de964e sp=0x000000e05b6fe400 mode 0
Event: 14.032 Thread 0x000002655b5fe000 DEOPT PACKING pc=0x00000265643fedf5 sp=0x000000e05b6fed50
Event: 14.032 Thread 0x000002655b5fe000 DEOPT UNPACKING pc=0x0000026563de964e sp=0x000000e05b6fe400 mode 0
Event: 14.042 Thread 0x000002655b5fe000 DEOPT PACKING pc=0x00000265643fedf5 sp=0x000000e05b6fed50
Event: 14.042 Thread 0x000002655b5fe000 DEOPT UNPACKING pc=0x0000026563de964e sp=0x000000e05b6fe400 mode 0

Classes unloaded (0 events):
No events

Classes redefined (0 events):
No events

Internal exceptions (1 events):
Event: 0.050 Thread 0x000002655b5fe000 Exception <a 'java/lang/NoSuchMethodError'{0x000000071163acc8}: 'int java.lang.invoke.DirectMethodHandle$Holder.invokeSpecialIFC(java.lang.Object, java.lang.Object, int)'> (0x000000071163acc8) 
thrown [./open/src/hotspot/share/interpreter/linkResolver.cpp, line 766]

Events (20 events):
Event: 13.874 Executing VM operation: G1CollectForAllocation
Event: 13.879 Executing VM operation: G1CollectForAllocation done
Event: 13.965 Executing VM operation: G1CollectForAllocation
Event: 13.969 Executing VM operation: G1CollectForAllocation done
Event: 14.025 Executing VM operation: G1CollectForAllocation
Event: 14.030 Executing VM operation: G1CollectForAllocation done
Event: 14.069 Executing VM operation: G1CollectForAllocation
Event: 14.075 Executing VM operation: G1CollectForAllocation done
Event: 14.109 Executing VM operation: G1CollectForAllocation
Event: 14.118 Executing VM operation: G1CollectForAllocation done
Event: 14.152 Executing VM operation: G1CollectForAllocation
Event: 14.161 Executing VM operation: G1CollectForAllocation done
Event: 14.196 Executing VM operation: G1CollectForAllocation
Event: 14.205 Executing VM operation: G1CollectForAllocation done
Event: 14.226 Thread 0x000002657fe5e800 Thread exited: 0x000002657fe5e800
Event: 14.240 Executing VM operation: G1CollectForAllocation
Event: 14.249 Executing VM operation: G1CollectForAllocation done
Event: 14.285 Executing VM operation: G1CollectForAllocation
Event: 14.294 Executing VM operation: G1CollectForAllocation done
Event: 14.329 Executing VM operation: G1CollectForAllocation


Dynamic libraries:
0x00007ff6295f0000 - 0x00007ff6295ff000 	C:\Program Files\Java\jdk-14.0.2\bin\javaw.exe
0x00007ffeacec0000 - 0x00007ffead0b0000 	C:\WINDOWS\SYSTEM32\ntdll.dll
0x00007ffeaccd0000 - 0x00007ffeacd82000 	C:\WINDOWS\System32\KERNEL32.DLL
0x00007ffeaac90000 - 0x00007ffeaaf33000 	C:\WINDOWS\System32\KERNELBASE.dll
0x00007ffeaa720000 - 0x00007ffeaa81a000 	C:\WINDOWS\System32\ucrtbase.dll
0x00007ffea5e60000 - 0x00007ffea5e75000 	C:\Program Files\Java\jdk-14.0.2\bin\VCRUNTIME140.dll
0x00007ffea5950000 - 0x00007ffea5968000 	C:\Program Files\Java\jdk-14.0.2\bin\jli.dll
0x00007ffeab690000 - 0x00007ffeab733000 	C:\WINDOWS\System32\ADVAPI32.dll
0x00007ffeab0e0000 - 0x00007ffeab17e000 	C:\WINDOWS\System32\msvcrt.dll
0x00007ffeabdc0000 - 0x00007ffeabe57000 	C:\WINDOWS\System32\sechost.dll
0x00007ffeaba70000 - 0x00007ffeabb90000 	C:\WINDOWS\System32\RPCRT4.dll
0x00007ffeab740000 - 0x00007ffeab8d4000 	C:\WINDOWS\System32\USER32.dll
0x00007ffe9e020000 - 0x00007ffe9e2a5000 	C:\WINDOWS\WinSxS\amd64_microsoft.windows.common-controls_6595b64144ccf1df_6.0.18362.535_none_e6c3b34713100821\COMCTL32.dll
0x00007ffeaac60000 - 0x00007ffeaac81000 	C:\WINDOWS\System32\win32u.dll
0x00007ffeac760000 - 0x00007ffeaca96000 	C:\WINDOWS\System32\combase.dll
0x00007ffeaaf40000 - 0x00007ffeaaf66000 	C:\WINDOWS\System32\GDI32.dll
0x00007ffea9f20000 - 0x00007ffea9fa0000 	C:\WINDOWS\System32\bcryptPrimitives.dll
0x00007ffeaa820000 - 0x00007ffeaa9b4000 	C:\WINDOWS\System32\gdi32full.dll
0x00007ffeaabc0000 - 0x00007ffeaac5e000 	C:\WINDOWS\System32\msvcp_win.dll
0x00007ffea2ae0000 - 0x00007ffea2aea000 	C:\WINDOWS\SYSTEM32\VERSION.dll
0x00007ffeaba40000 - 0x00007ffeaba6e000 	C:\WINDOWS\System32\IMM32.DLL
0x00007ffe91570000 - 0x00007ffe9160b000 	C:\Program Files\Java\jdk-14.0.2\bin\msvcp140.dll
0x00007ffe85870000 - 0x00007ffe8638e000 	C:\Program Files\Java\jdk-14.0.2\bin\server\jvm.dll
0x00007ffeab670000 - 0x00007ffeab678000 	C:\WINDOWS\System32\PSAPI.DLL
0x00007ffea4dc0000 - 0x00007ffea4de4000 	C:\WINDOWS\SYSTEM32\WINMM.dll
0x00007ffe96fc0000 - 0x00007ffe96fc9000 	C:\WINDOWS\SYSTEM32\WSOCK32.dll
0x00007ffeacc60000 - 0x00007ffeacccf000 	C:\WINDOWS\System32\WS2_32.dll
0x00007ffea4cb0000 - 0x00007ffea4cdd000 	C:\WINDOWS\SYSTEM32\WINMMBASE.dll
0x00007ffea9e20000 - 0x00007ffea9e6a000 	C:\WINDOWS\System32\cfgmgr32.dll
0x00007ffea9de0000 - 0x00007ffea9df1000 	C:\WINDOWS\System32\kernel.appcore.dll
0x00007ffea3cd0000 - 0x00007ffea3cda000 	C:\Program Files\Java\jdk-14.0.2\bin\jimage.dll
0x00007ffea8680000 - 0x00007ffea8874000 	C:\WINDOWS\SYSTEM32\DBGHELP.DLL
0x00007ffe93990000 - 0x00007ffe939ba000 	C:\WINDOWS\SYSTEM32\dbgcore.DLL
0x00007ffe9bb10000 - 0x00007ffe9bb35000 	C:\Program Files\Java\jdk-14.0.2\bin\java.dll
0x00007ffe9ce20000 - 0x00007ffe9ce36000 	C:\Program Files\Java\jdk-14.0.2\bin\zip.dll
0x00007ffeabec0000 - 0x00007ffeac5a5000 	C:\WINDOWS\System32\SHELL32.dll
0x00007ffeabc40000 - 0x00007ffeabce9000 	C:\WINDOWS\System32\shcore.dll
0x00007ffea9fa0000 - 0x00007ffeaa71f000 	C:\WINDOWS\System32\windows.storage.dll
0x00007ffea9dc0000 - 0x00007ffea9ddf000 	C:\WINDOWS\System32\profapi.dll
0x00007ffea9d70000 - 0x00007ffea9dba000 	C:\WINDOWS\System32\powrprof.dll
0x00007ffea9d60000 - 0x00007ffea9d70000 	C:\WINDOWS\System32\UMPDC.dll
0x00007ffeacdf0000 - 0x00007ffeace42000 	C:\WINDOWS\System32\shlwapi.dll
0x00007ffeaaa20000 - 0x00007ffeaaa37000 	C:\WINDOWS\System32\cryptsp.dll

dbghelp: loaded successfully - version: 4.0.5 - missing functions: none
symbol engine: initialized successfully - sym options: 0x614 - pdb path: .;C:\Program Files\Java\jdk-14.0.2\bin;C:\WINDOWS\SYSTEM32;C:\WINDOWS\WinSxS\amd64_microsoft.windows.common-controls_6595b64144ccf1df_6.0.18362.535_none_e6c3b34713100821;C:\Program Files\Java\jdk-14.0.2\bin\server

VM Arguments:
jvm_args: -Dfile.encoding=Cp1252 
java_command: examples.visualization.MainProgram
java_class_path (initial): D:\ntu\year2\alogrithem\project2\project2\bin;D:\ntu\year2\alogrithem\project2\project2\lib\gs-algo-1.3.jar;D:\ntu\year2\alogrithem\project2\project2\lib\gs-core-1.3.jar;D:\ntu\year2\alogrithem\project2\project2\lib\gs-ui-1.3.jar
Launcher Type: SUN_STANDARD

[Global flags]
     intx CICompilerCount                          = 4                                         {product} {ergonomic}
     uint ConcGCThreads                            = 2                                         {product} {ergonomic}
     uint G1ConcRefinementThreads                  = 8                                         {product} {ergonomic}
   size_t G1HeapRegionSize                         = 1048576                                   {product} {ergonomic}
    uintx GCDrainStackTargetSize                   = 64                                        {product} {ergonomic}
   size_t InitialHeapSize                          = 268435456                                 {product} {ergonomic}
   size_t MarkStackSize                            = 4194304                                   {product} {ergonomic}
   size_t MaxHeapSize                              = 4269801472                                {product} {ergonomic}
   size_t MaxNewSize                               = 2561671168                                {product} {ergonomic}
   size_t MinHeapDeltaBytes                        = 1048576                                   {product} {ergonomic}
   size_t MinHeapSize                              = 8388608                                   {product} {ergonomic}
    uintx NonNMethodCodeHeapSize                   = 5839372                                {pd product} {ergonomic}
    uintx NonProfiledCodeHeapSize                  = 122909434                              {pd product} {ergonomic}
    uintx ProfiledCodeHeapSize                     = 122909434                              {pd product} {ergonomic}
    uintx ReservedCodeCacheSize                    = 251658240                              {pd product} {ergonomic}
     bool SegmentedCodeCache                       = true                                      {product} {ergonomic}
   size_t SoftMaxHeapSize                          = 4269801472                             {manageable} {ergonomic}
     bool UseCompressedClassPointers               = true                                 {lp64_product} {ergonomic}
     bool UseCompressedOops                        = true                                 {lp64_product} {ergonomic}
     bool UseG1GC                                  = true                                      {product} {ergonomic}
     bool UseLargePagesIndividualAllocation        = false                                  {pd product} {ergonomic}

Logging:
Log output configuration:
 #0: stdout all=warning uptime,level,tags
 #1: stderr all=off uptime,level,tags

Environment Variables:
PATH=C:/Program Files/Java/jdk-14.0.2/bin/server;C:/Program Files/Java/jdk-14.0.2/bin;C:\Program Files (x86)\Common Files\Oracle\Java\javapath;C:\Program Files\OpenVPN\bin;C:\Program Files\Git\cmd;C:\Program Files\dotnet\;C:\Program Files\Microsoft SQL Server\Client SDK\ODBC\170\Tools\Binn\;C:\Windows\System32\OpenSSH;C:\Program Files\Microsoft\Web Platform Installer\;D:\python\Scripts\;D:\python\;C:\Users\XuChaoLiang\AppData\Local\Microsoft\WindowsApps;D:\Microsoft VS Code\bin;C:\Users\XuChaoLiang\AppData\roaming\Python\Python36\scripts;C:\WINDOWS\System32\WindowsPowerShell\v1.0\;C:\Program Files\Git\mingw64\bin;C:\WINDOWS\system32;C:\Users\XuChaoLiang\AppData\Local\GitHubDesktop\bin;C:\WINDOWS\system32;
USERNAME=XuChaoLiang
OS=Windows_NT
PROCESSOR_IDENTIFIER=Intel64 Family 6 Model 142 Stepping 10, GenuineIntel



---------------  S Y S T E M  ---------------

OS: Windows 10 , 64 bit Build 18362 (10.0.18362.329)
OS uptime: 7 days 17:40 hours

CPU:total 8 (initial active 8) (4 cores per cpu, 2 threads per core) family 6 model 142 stepping 10, cmov, cx8, fxsr, mmx, sse, sse2, sse3, ssse3, sse4.1, sse4.2, popcnt, avx, avx2, aes, clmul, erms, 3dnowpref, lzcnt, ht, tsc, tscinvbit, bmi1, bmi2, adx, fma

Memory: 4k page, system-wide physical 16281M (6267M free)
TotalPageFile size 17094M (AvailPageFile size 327M)
current process WorkingSet (physical memory assigned to process): 276M, peak: 276M
current process commit charge ("private bytes"): 368M, peak: 713M

vm_info: Java HotSpot(TM) 64-Bit Server VM (14.0.2+12-46) for windows-amd64 JRE (14.0.2+12-46), built on Jul  9 2020 00:35:52 by "mach5one" with MS VC++ 15.9 (VS2017)

END.
