#
# There is insufficient memory for the Java Runtime Environment to continue.
# Native memory allocation (mmap) failed to map 268435456 bytes for Failed to commit area from 0x0000000701800000 to 0x0000000711800000 of length 268435456.
# Possible reasons:
#   The system is out of physical RAM or swap space
#   The process is running with CompressedOops enabled, and the Java Heap may be blocking the growth of the native heap
# Possible solutions:
#   Reduce memory load on the system
#   Increase physical memory or swap space
#   Check if swap backing store is full
#   Decrease Java heap size (-Xmx/-Xms)
#   Decrease number of Java threads
#   Decrease Java thread stack sizes (-Xss)
#   Set larger code cache with -XX:ReservedCodeCacheSize=
#   JVM is running with Zero Based Compressed Oops mode in which the Java heap is
#     placed in the first 32GB address space. The Java Heap base address is the
#     maximum limit for the native heap growth. Please use -XX:HeapBaseMinAddress
#     to set the Java Heap base and to place the Java Heap above 32GB virtual address.
# This output file may be truncated or incomplete.
#
#  Out of Memory Error (./open/src/hotspot/os/windows/os_windows.cpp:3315), pid=9812, tid=23868
#
# JRE version:  (14.0.2+12) (build )
# Java VM: Java HotSpot(TM) 64-Bit Server VM (14.0.2+12-46, mixed mode, sharing, tiered, compressed oops, g1 gc, windows-amd64)
# No core dump will be written. Minidumps are not enabled by default on client versions of Windows
#

---------------  S U M M A R Y ------------

Command Line: -Dfile.encoding=Cp1252 examples.visualization.MainProgram

Host: Intel(R) Core(TM) i7-8550U CPU @ 1.80GHz, 8 cores, 15G,  Windows 10 , 64 bit Build 18362 (10.0.18362.329)
Time: Sun Nov  8 23:49:53 2020 Malay Peninsula Standard Time elapsed time: 0 seconds (0d 0h 0m 0s)

---------------  T H R E A D  ---------------

Current thread (0x00000260d372e800):  JavaThread "Unknown thread" [_thread_in_vm, id=23868, stack(0x000000fe88f00000,0x000000fe89000000)]

Stack: [0x000000fe88f00000,0x000000fe89000000]
Native frames: (J=compiled Java code, j=interpreted, Vv=VM code, C=native code)
V  [jvm.dll+0x5f8a9a]
V  [jvm.dll+0x74247a]
V  [jvm.dll+0x743c2f]
V  [jvm.dll+0x744273]
V  [jvm.dll+0x20d288]
V  [jvm.dll+0x5f5dea]
V  [jvm.dll+0x5eac45]
V  [jvm.dll+0x2c7e9c]
V  [jvm.dll+0x2c7cd2]
V  [jvm.dll+0x2cdbbc]
V  [jvm.dll+0x313fe8]
V  [jvm.dll+0x313710]
V  [jvm.dll+0x2a092a]
V  [jvm.dll+0x2a1a79]
V  [jvm.dll+0x71fd48]
V  [jvm.dll+0x321c14]
V  [jvm.dll+0x70112c]
V  [jvm.dll+0x392def]
V  [jvm.dll+0x394e61]
C  [jli.dll+0x524b]
C  [ucrtbase.dll+0x20e72]
C  [KERNEL32.DLL+0x17bd4]
C  [ntdll.dll+0x6ced1]


---------------  P R O C E S S  ---------------

Threads class SMR info:
_java_thread_list=0x00007ffe90383038, length=0, elements={
}

Java Threads: ( => current thread )

Other Threads:
  0x00000260d3797000 GCTaskThread "GC Thread#0" [stack: 0x000000fe89000000,0x000000fe89100000] [id=3124]
  0x00000260d37b9000 ConcurrentGCThread "G1 Main Marker" [stack: 0x000000fe89100000,0x000000fe89200000] [id=14372]
  0x00000260d37bb000 ConcurrentGCThread "G1 Conc#0" [stack: 0x000000fe89200000,0x000000fe89300000] [id=9336]

[error occurred during error reporting (printing all threads), id 0xc0000005, EXCEPTION_ACCESS_VIOLATION (0xc0000005) at pc=0x00007ffe8fbb1257]

VM state:not at safepoint (not fully initialized)

VM Mutex/Monitor currently owned by a thread:  ([mutex/lock_event])
[0x00000260d372a110] Heap_lock - owner thread: 0x00000260d372e800

Heap address: 0x0000000701800000, size: 4072 MB, Compressed Oops mode: Zero based, Oop shift amount: 3
Narrow klass base: 0x0000000000000000, Narrow klass shift: 0

GC Heap History (0 events):
No events

Deoptimization events (0 events):
No events

Classes unloaded (0 events):
No events

Classes redefined (0 events):
No events

Internal exceptions (0 events):
No events

Events (2 events):
Event: 0.006 Loaded shared library C:\Program Files\Java\jdk-14.0.2\bin\java.dll
Event: 0.006 Loaded shared library C:\Program Files\Java\jdk-14.0.2\bin\zip.dll


Dynamic libraries:
0x00007ff6295f0000 - 0x00007ff6295ff000 	C:\Program Files\Java\jdk-14.0.2\bin\javaw.exe
0x00007ffeacec0000 - 0x00007ffead0b0000 	C:\WINDOWS\SYSTEM32\ntdll.dll
0x00007ffeaccd0000 - 0x00007ffeacd82000 	C:\WINDOWS\System32\KERNEL32.DLL
0x00007ffeaac90000 - 0x00007ffeaaf33000 	C:\WINDOWS\System32\KERNELBASE.dll
0x00007ffeaa720000 - 0x00007ffeaa81a000 	C:\WINDOWS\System32\ucrtbase.dll
0x00007ffea5e80000 - 0x00007ffea5e95000 	C:\Program Files\Java\jdk-14.0.2\bin\VCRUNTIME140.dll
0x00007ffea4e50000 - 0x00007ffea4e68000 	C:\Program Files\Java\jdk-14.0.2\bin\jli.dll
0x00007ffeab690000 - 0x00007ffeab733000 	C:\WINDOWS\System32\ADVAPI32.dll
0x00007ffeab0e0000 - 0x00007ffeab17e000 	C:\WINDOWS\System32\msvcrt.dll
0x00007ffeabdc0000 - 0x00007ffeabe57000 	C:\WINDOWS\System32\sechost.dll
0x00007ffeaba70000 - 0x00007ffeabb90000 	C:\WINDOWS\System32\RPCRT4.dll
0x00007ffeab740000 - 0x00007ffeab8d4000 	C:\WINDOWS\System32\USER32.dll
0x00007ffe9e020000 - 0x00007ffe9e2a5000 	C:\WINDOWS\WinSxS\amd64_microsoft.windows.common-controls_6595b64144ccf1df_6.0.18362.535_none_e6c3b34713100821\COMCTL32.dll
0x00007ffeac760000 - 0x00007ffeaca96000 	C:\WINDOWS\System32\combase.dll
0x00007ffeaac60000 - 0x00007ffeaac81000 	C:\WINDOWS\System32\win32u.dll
0x00007ffeaaf40000 - 0x00007ffeaaf66000 	C:\WINDOWS\System32\GDI32.dll
0x00007ffea9f20000 - 0x00007ffea9fa0000 	C:\WINDOWS\System32\bcryptPrimitives.dll
0x00007ffeaa820000 - 0x00007ffeaa9b4000 	C:\WINDOWS\System32\gdi32full.dll
0x00007ffeaabc0000 - 0x00007ffeaac5e000 	C:\WINDOWS\System32\msvcp_win.dll
0x00007ffea2ae0000 - 0x00007ffea2aea000 	C:\WINDOWS\SYSTEM32\VERSION.dll
0x00007ffeaba40000 - 0x00007ffeaba6e000 	C:\WINDOWS\System32\IMM32.DLL
0x00007ffe9cea0000 - 0x00007ffe9cf3b000 	C:\Program Files\Java\jdk-14.0.2\bin\msvcp140.dll
0x00007ffe8f900000 - 0x00007ffe9041e000 	C:\Program Files\Java\jdk-14.0.2\bin\server\jvm.dll
0x00007ffeab670000 - 0x00007ffeab678000 	C:\WINDOWS\System32\PSAPI.DLL
0x00007ffea4dc0000 - 0x00007ffea4de4000 	C:\WINDOWS\SYSTEM32\WINMM.dll
0x00007ffe96fc0000 - 0x00007ffe96fc9000 	C:\WINDOWS\SYSTEM32\WSOCK32.dll
0x00007ffeacc60000 - 0x00007ffeacccf000 	C:\WINDOWS\System32\WS2_32.dll
0x00007ffea4cb0000 - 0x00007ffea4cdd000 	C:\WINDOWS\SYSTEM32\WINMMBASE.dll
0x00007ffea9e20000 - 0x00007ffea9e6a000 	C:\WINDOWS\System32\cfgmgr32.dll
0x00007ffea9de0000 - 0x00007ffea9df1000 	C:\WINDOWS\System32\kernel.appcore.dll
0x00007ffea5950000 - 0x00007ffea595a000 	C:\Program Files\Java\jdk-14.0.2\bin\jimage.dll
0x00007ffea8680000 - 0x00007ffea8874000 	C:\WINDOWS\SYSTEM32\DBGHELP.DLL
0x00007ffe93990000 - 0x00007ffe939ba000 	C:\WINDOWS\SYSTEM32\dbgcore.DLL
0x00007ffe9d2b0000 - 0x00007ffe9d2d5000 	C:\Program Files\Java\jdk-14.0.2\bin\java.dll
0x00007ffea2670000 - 0x00007ffea2686000 	C:\Program Files\Java\jdk-14.0.2\bin\zip.dll

dbghelp: loaded successfully - version: 4.0.5 - missing functions: none
symbol engine: initialized successfully - sym options: 0x614 - pdb path: .;C:\Program Files\Java\jdk-14.0.2\bin;C:\WINDOWS\SYSTEM32;C:\WINDOWS\WinSxS\amd64_microsoft.windows.common-controls_6595b64144ccf1df_6.0.18362.535_none_e6c3b34713100821;C:\Program Files\Java\jdk-14.0.2\bin\server

VM Arguments:
jvm_args: -Dfile.encoding=Cp1252 
java_command: examples.visualization.MainProgram
java_class_path (initial): D:\ntu\year2\alogrithem\project2\project2\bin;D:\ntu\year2\alogrithem\project2\project2\lib\gs-algo-1.3.jar;D:\ntu\year2\alogrithem\project2\project2\lib\gs-core-1.3.jar;D:\ntu\year2\alogrithem\project2\project2\lib\gs-ui-1.3.jar
Launcher Type: SUN_STANDARD

[Global flags]
     intx CICompilerCount                          = 4                                         {product} {ergonomic}
     uint ConcGCThreads                            = 2                                         {product} {ergonomic}
     uint G1ConcRefinementThreads                  = 8                                         {product} {ergonomic}
   size_t G1HeapRegionSize                         = 1048576                                   {product} {ergonomic}
    uintx GCDrainStackTargetSize                   = 64                                        {product} {ergonomic}
   size_t InitialHeapSize                          = 268435456                                 {product} {ergonomic}
   size_t MarkStackSize                            = 4194304                                   {product} {ergonomic}
   size_t MaxHeapSize                              = 4269801472                                {product} {ergonomic}
   size_t MinHeapDeltaBytes                        = 1048576                                   {product} {ergonomic}
   size_t MinHeapSize                              = 8388608                                   {product} {ergonomic}
    uintx NonNMethodCodeHeapSize                   = 5839372                                {pd product} {ergonomic}
    uintx NonProfiledCodeHeapSize                  = 122909434                              {pd product} {ergonomic}
    uintx ProfiledCodeHeapSize                     = 122909434                              {pd product} {ergonomic}
    uintx ReservedCodeCacheSize                    = 251658240                              {pd product} {ergonomic}
     bool SegmentedCodeCache                       = true                                      {product} {ergonomic}
   size_t SoftMaxHeapSize                          = 4269801472                             {manageable} {ergonomic}
     bool UseCompressedClassPointers               = true                                 {lp64_product} {ergonomic}
     bool UseCompressedOops                        = true                                 {lp64_product} {ergonomic}
     bool UseG1GC                                  = true                                      {product} {ergonomic}
     bool UseLargePagesIndividualAllocation        = false                                  {pd product} {ergonomic}

Logging:
Log output configuration:
 #0: stdout all=warning uptime,level,tags
 #1: stderr all=off uptime,level,tags

Environment Variables:
PATH=C:/Program Files/Java/jdk-14.0.2/bin/server;C:/Program Files/Java/jdk-14.0.2/bin;C:\Program Files (x86)\Common Files\Oracle\Java\javapath;C:\Program Files\OpenVPN\bin;C:\Program Files\Git\cmd;C:\Program Files\dotnet\;C:\Program Files\Microsoft SQL Server\Client SDK\ODBC\170\Tools\Binn\;C:\Windows\System32\OpenSSH;C:\Program Files\Microsoft\Web Platform Installer\;D:\python\Scripts\;D:\python\;C:\Users\XuChaoLiang\AppData\Local\Microsoft\WindowsApps;D:\Microsoft VS Code\bin;C:\Users\XuChaoLiang\AppData\roaming\Python\Python36\scripts;C:\WINDOWS\System32\WindowsPowerShell\v1.0\;C:\Program Files\Git\mingw64\bin;C:\WINDOWS\system32;C:\Users\XuChaoLiang\AppData\Local\GitHubDesktop\bin;C:\WINDOWS\system32;
USERNAME=XuChaoLiang
OS=Windows_NT
PROCESSOR_IDENTIFIER=Intel64 Family 6 Model 142 Stepping 10, GenuineIntel



---------------  S Y S T E M  ---------------

OS: Windows 10 , 64 bit Build 18362 (10.0.18362.329)
OS uptime: 5 days 23:04 hours

CPU:total 8 (initial active 8) (4 cores per cpu, 2 threads per core) family 6 model 142 stepping 10, cmov, cx8, fxsr, mmx, sse, sse2, sse3, ssse3, sse4.1, sse4.2, popcnt, avx, avx2, aes, clmul, erms, 3dnowpref, lzcnt, ht, tsc, tscinvbit, bmi1, bmi2, adx, fma

Memory: 4k page, system-wide physical 16281M (5778M free)
TotalPageFile size 17094M (AvailPageFile size 94M)
current process WorkingSet (physical memory assigned to process): 10M, peak: 10M
current process commit charge ("private bytes"): 61M, peak: 317M

vm_info: Java HotSpot(TM) 64-Bit Server VM (14.0.2+12-46) for windows-amd64 JRE (14.0.2+12-46), built on Jul  9 2020 00:35:52 by "mach5one" with MS VC++ 15.9 (VS2017)

END.
